Arguments: 
  /Users/xiaoyu/.nvm/versions/node/v20.11.0/bin/node /usr/local/Cellar/yarn/1.22.19/libexec/bin/yarn.js add worker_threads

PATH: 
  /Users/xiaoyu/.nvm/versions/node/v20.11.0/bin:/Users/xiaoyu/anaconda3/bin:/Users/xiaoyu/anaconda3/condabin:/usr/local/opt/python@3.8/bin:/Library/Frameworks/Python.framework/Versions/3.10/bin:/usr/local/bin:/usr/bin:/bin:/usr/sbin:/sbin:/usr/local/go/bin:/Users/xiaoyu/.cargo/bin:/Users/xiaoyu/.foundry/bin

Yarn version: 
  1.22.19

Node version: 
  20.11.0

Platform: 
  darwin x64

Trace: 
  Error: certificate has expired
      at TLSSocket.onConnectSecure (node:_tls_wrap:1674:34)
      at TLSSocket.emit (node:events:518:28)
      at TLSSocket._finishInit (node:_tls_wrap:1085:8)
      at ssl.onhandshakedone (node:_tls_wrap:871:12)

npm manifest: 
  {
    "name": "uf",
    "version": "1.0.0",
    "description": "",
    "main": "index.js",
    "scripts": {
      "test": "echo \"Error: no test specified\" && exit 1"
    },
    "author": "",
    "license": "ISC",
    "devDependencies": {
      "@nomicfoundation/hardhat-chai-matchers": "^2.0.6",
      "@nomicfoundation/hardhat-ethers": "^3.0.5",
      "@nomicfoundation/hardhat-ignition": "^0.15.0",
      "@nomicfoundation/hardhat-ignition-ethers": "^0.15.0",
      "@nomicfoundation/hardhat-network-helpers": "^1.0.10",
      "@nomicfoundation/hardhat-toolbox": "^4.0.0",
      "@nomicfoundation/hardhat-verify": "^2.0.4",
      "@nomicfoundation/ignition-core": "^0.15.0",
      "@typechain/ethers-v6": "^0.5.1",
      "@typechain/hardhat": "^9.1.0",
      "@types/chai": "^4.3.12",
      "@types/mocha": "^10.0.6",
      "chai": "^4.4.1",
      "ethers": "6.12.1",
      "hardhat": "^2.22.4",
      "hardhat-gas-reporter": "^1.0.10",
      "solidity-coverage": "^0.8.10",
      "ts-node": "^10.9.2",
      "typechain": "^8.3.2",
      "typescript": "^5.3.3"
    },
    "dependencies": {
      "@openzeppelin/contracts": "4.9.3",
      "@uniswap/v3-core": "^1.0.1",
      "bignumber.js": "^9.1.2",
      "csv-parse": "^4.16.3",
      "mathjs": "^12.4.1",
      "prb-math": "2.4.3",
      "query-string": "^5.1.1"
    }
  }

yarn manifest: 
  No manifest

Lockfile: 
  No lockfile
